build/app/intermediates/manifest_merge_blame_file/release/manifest-merger-blame-release-report.txt
1<?xml version="1.0" encoding="utf-8"?>
2<manifest xmlns:android="http://schemas.android.com/apk/res/android"
3    package="com.example.qrf"
4    android:versionCode="1"
5    android:versionName="1.0.0" >
6
7    <uses-sdk
8        android:minSdkVersion="21"
8-->src\main\AndroidManifest.xml
9        android:targetSdkVersion="31" />
9-->src\main\AndroidManifest.xml
10
11    <uses-permission android:name="android.permission.INTERNET" />
11-->src\main\AndroidManifest.xml:4:5-67
11-->src\main\AndroidManifest.xml:4:22-64
12    <uses-permission android:name="android.permission.ACCESS_NETWORK_STATE" />
12-->src\main\AndroidManifest.xml:5:5-78
12-->src\main\AndroidManifest.xml:5:22-76
13
14    <queries>
14-->[:flutter_inappwebview] AndroidManifest.xml:7:5-11:15
15        <intent>
15-->[:flutter_inappwebview] AndroidManifest.xml:8:9-10:18
16            <action android:name="android.support.customtabs.action.CustomTabsService" />
16-->[:flutter_inappwebview] AndroidManifest.xml:9:13-90
16-->[:flutter_inappwebview] AndroidManifest.xml:9:21-87
17        </intent>
18    </queries>
19
20    <application
21        android:name="io.flutter.app.FlutterMultiDexApplication"
21-->src\main\AndroidManifest.xml:9:9-42
22        android:appComponentFactory="androidx.core.app.CoreComponentFactory"
22-->[androidx.core:core:1.8.0] AndroidManifest.xml:24:18-86
23        android:icon="@mipmap/launcher_icon"
23-->src\main\AndroidManifest.xml:10:9-45
24        android:label="qrf"
24-->src\main\AndroidManifest.xml:8:9-28
25        android:usesCleartextTraffic="true" >
25-->src\main\AndroidManifest.xml:11:9-44
26        <activity
26-->src\main\AndroidManifest.xml:13:9-33:20
27            android:name="com.example.qrf.MainActivity"
27-->src\main\AndroidManifest.xml:14:13-41
28            android:configChanges="orientation|keyboardHidden|keyboard|screenSize|smallestScreenSize|locale|layoutDirection|fontScale|screenLayout|density|uiMode"
28-->src\main\AndroidManifest.xml:18:13-163
29            android:exported="true"
29-->src\main\AndroidManifest.xml:15:13-36
30            android:hardwareAccelerated="true"
30-->src\main\AndroidManifest.xml:19:13-47
31            android:launchMode="singleTop"
31-->src\main\AndroidManifest.xml:16:13-43
32            android:theme="@style/LaunchTheme"
32-->src\main\AndroidManifest.xml:17:13-47
33            android:windowSoftInputMode="adjustResize" >
33-->src\main\AndroidManifest.xml:20:13-55
34
35            <!--
36                 Specifies an Android theme to apply to this Activity as soon as
37                 the Android process has started. This theme is visible to the user
38                 while the Flutter UI initializes. After that, this theme continues
39                 to determine the Window background behind the Flutter UI.
40            -->
41            <meta-data
41-->src\main\AndroidManifest.xml:25:13-28:17
42                android:name="io.flutter.embedding.android.NormalTheme"
42-->src\main\AndroidManifest.xml:26:15-70
43                android:resource="@style/NormalTheme" />
43-->src\main\AndroidManifest.xml:27:15-52
44
45            <intent-filter>
45-->src\main\AndroidManifest.xml:29:13-32:29
46                <action android:name="android.intent.action.MAIN" />
46-->src\main\AndroidManifest.xml:30:17-68
46-->src\main\AndroidManifest.xml:30:25-66
47
48                <category android:name="android.intent.category.LAUNCHER" />
48-->src\main\AndroidManifest.xml:31:17-76
48-->src\main\AndroidManifest.xml:31:27-74
49            </intent-filter>
50        </activity>
51        <!--
52             Don't delete the meta-data below.
53             This is used by the Flutter tool to generate GeneratedPluginRegistrant.java
54        -->
55        <meta-data
55-->src\main\AndroidManifest.xml:36:9-38:33
56            android:name="flutterEmbedding"
56-->src\main\AndroidManifest.xml:37:13-44
57            android:value="2" />
57-->src\main\AndroidManifest.xml:38:13-30
58
59        <provider
59-->[:image_picker_android] AndroidManifest.xml:8:9-16:20
60            android:name="io.flutter.plugins.imagepicker.ImagePickerFileProvider"
60-->[:image_picker_android] AndroidManifest.xml:9:13-82
61            android:authorities="com.example.qrf.flutter.image_provider"
61-->[:image_picker_android] AndroidManifest.xml:10:13-74
62            android:exported="false"
62-->[:image_picker_android] AndroidManifest.xml:11:13-37
63            android:grantUriPermissions="true" >
63-->[:image_picker_android] AndroidManifest.xml:12:13-47
64            <meta-data
64-->[:image_picker_android] AndroidManifest.xml:13:13-15:75
65                android:name="android.support.FILE_PROVIDER_PATHS"
65-->[:image_picker_android] AndroidManifest.xml:14:17-67
66                android:resource="@xml/flutter_image_picker_file_paths" />
66-->[:image_picker_android] AndroidManifest.xml:15:17-72
67        </provider>
68
69        <activity
69-->[:url_launcher_android] AndroidManifest.xml:8:9-11:74
70            android:name="io.flutter.plugins.urllauncher.WebViewActivity"
70-->[:url_launcher_android] AndroidManifest.xml:9:13-74
71            android:exported="false"
71-->[:url_launcher_android] AndroidManifest.xml:10:13-37
72            android:theme="@android:style/Theme.NoTitleBar.Fullscreen" />
72-->[:url_launcher_android] AndroidManifest.xml:11:13-71
73        <activity
73-->[:flutter_inappwebview] AndroidManifest.xml:14:9-18:47
74            android:name="com.pichillilorenzo.flutter_inappwebview.in_app_browser.InAppBrowserActivity"
74-->[:flutter_inappwebview] AndroidManifest.xml:15:13-104
75            android:configChanges="orientation|keyboardHidden|keyboard|screenSize|locale|layoutDirection|fontScale|screenLayout|density"
75-->[:flutter_inappwebview] AndroidManifest.xml:16:13-137
76            android:exported="false"
76-->[:flutter_inappwebview] AndroidManifest.xml:17:13-37
77            android:theme="@style/AppTheme" />
77-->[:flutter_inappwebview] AndroidManifest.xml:18:13-44
78        <activity
78-->[:flutter_inappwebview] AndroidManifest.xml:19:9-22:55
79            android:name="com.pichillilorenzo.flutter_inappwebview.chrome_custom_tabs.ChromeCustomTabsActivity"
79-->[:flutter_inappwebview] AndroidManifest.xml:20:13-112
80            android:exported="false"
80-->[:flutter_inappwebview] AndroidManifest.xml:21:13-37
81            android:theme="@style/ThemeTransparent" />
81-->[:flutter_inappwebview] AndroidManifest.xml:22:13-52
82        <activity
82-->[:flutter_inappwebview] AndroidManifest.xml:23:9-26:55
83            android:name="com.pichillilorenzo.flutter_inappwebview.chrome_custom_tabs.TrustedWebActivity"
83-->[:flutter_inappwebview] AndroidManifest.xml:24:13-106
84            android:exported="false"
84-->[:flutter_inappwebview] AndroidManifest.xml:25:13-37
85            android:theme="@style/ThemeTransparent" />
85-->[:flutter_inappwebview] AndroidManifest.xml:26:13-52
86        <activity
86-->[:flutter_inappwebview] AndroidManifest.xml:27:9-31:55
87            android:name="com.pichillilorenzo.flutter_inappwebview.chrome_custom_tabs.ChromeCustomTabsActivitySingleInstance"
87-->[:flutter_inappwebview] AndroidManifest.xml:28:13-126
88            android:exported="false"
88-->[:flutter_inappwebview] AndroidManifest.xml:29:13-37
89            android:launchMode="singleInstance"
89-->[:flutter_inappwebview] AndroidManifest.xml:30:13-48
90            android:theme="@style/ThemeTransparent" />
90-->[:flutter_inappwebview] AndroidManifest.xml:31:13-52
91        <activity
91-->[:flutter_inappwebview] AndroidManifest.xml:32:9-36:55
92            android:name="com.pichillilorenzo.flutter_inappwebview.chrome_custom_tabs.TrustedWebActivitySingleInstance"
92-->[:flutter_inappwebview] AndroidManifest.xml:33:13-120
93            android:exported="false"
93-->[:flutter_inappwebview] AndroidManifest.xml:34:13-37
94            android:launchMode="singleInstance"
94-->[:flutter_inappwebview] AndroidManifest.xml:35:13-48
95            android:theme="@style/ThemeTransparent" />
95-->[:flutter_inappwebview] AndroidManifest.xml:36:13-52
96
97        <receiver
97-->[:flutter_inappwebview] AndroidManifest.xml:38:9-41:40
98            android:name="com.pichillilorenzo.flutter_inappwebview.chrome_custom_tabs.ActionBroadcastReceiver"
98-->[:flutter_inappwebview] AndroidManifest.xml:39:13-111
99            android:enabled="true"
99-->[:flutter_inappwebview] AndroidManifest.xml:40:13-35
100            android:exported="false" />
100-->[:flutter_inappwebview] AndroidManifest.xml:41:13-37
101
102        <meta-data
102-->[:flutter_inappwebview] AndroidManifest.xml:43:9-45:36
103            android:name="io.flutter.embedded_views_preview"
103-->[:flutter_inappwebview] AndroidManifest.xml:44:13-61
104            android:value="true" />
104-->[:flutter_inappwebview] AndroidManifest.xml:45:13-33
105
106        <provider
106-->[:share] AndroidManifest.xml:8:9-16:20
107            android:name="io.flutter.plugins.share.ShareFileProvider"
107-->[:share] AndroidManifest.xml:9:13-70
108            android:authorities="com.example.qrf.flutter.share_provider"
108-->[:share] AndroidManifest.xml:10:13-74
109            android:exported="false"
109-->[:share] AndroidManifest.xml:11:13-37
110            android:grantUriPermissions="true" >
110-->[:share] AndroidManifest.xml:12:13-47
111            <meta-data
111-->[:image_picker_android] AndroidManifest.xml:13:13-15:75
112                android:name="android.support.FILE_PROVIDER_PATHS"
112-->[:image_picker_android] AndroidManifest.xml:14:17-67
113                android:resource="@xml/flutter_share_file_paths" />
113-->[:image_picker_android] AndroidManifest.xml:15:17-72
114        </provider>
115
116        <uses-library
116-->[androidx.window:window:1.0.0-beta04] AndroidManifest.xml:25:9-27:40
117            android:name="androidx.window.extensions"
117-->[androidx.window:window:1.0.0-beta04] AndroidManifest.xml:26:13-54
118            android:required="false" />
118-->[androidx.window:window:1.0.0-beta04] AndroidManifest.xml:27:13-37
119        <uses-library
119-->[androidx.window:window:1.0.0-beta04] AndroidManifest.xml:28:9-30:40
120            android:name="androidx.window.sidecar"
120-->[androidx.window:window:1.0.0-beta04] AndroidManifest.xml:29:13-51
121            android:required="false" />
121-->[androidx.window:window:1.0.0-beta04] AndroidManifest.xml:30:13-37
122
123        <provider
123-->[androidx.emoji2:emoji2:1.2.0] AndroidManifest.xml:24:9-32:20
124            android:name="androidx.startup.InitializationProvider"
124-->[androidx.emoji2:emoji2:1.2.0] AndroidManifest.xml:25:13-67
125            android:authorities="com.example.qrf.androidx-startup"
125-->[androidx.emoji2:emoji2:1.2.0] AndroidManifest.xml:26:13-68
126            android:exported="false" >
126-->[androidx.emoji2:emoji2:1.2.0] AndroidManifest.xml:27:13-37
127            <meta-data
127-->[androidx.emoji2:emoji2:1.2.0] AndroidManifest.xml:29:13-31:52
128                android:name="androidx.emoji2.text.EmojiCompatInitializer"
128-->[androidx.emoji2:emoji2:1.2.0] AndroidManifest.xml:30:17-75
129                android:value="androidx.startup" />
129-->[androidx.emoji2:emoji2:1.2.0] AndroidManifest.xml:31:17-49
130            <meta-data
130-->[androidx.lifecycle:lifecycle-process:2.4.1] AndroidManifest.xml:31:13-33:52
131                android:name="androidx.lifecycle.ProcessLifecycleInitializer"
131-->[androidx.lifecycle:lifecycle-process:2.4.1] AndroidManifest.xml:32:17-78
132                android:value="androidx.startup" />
132-->[androidx.lifecycle:lifecycle-process:2.4.1] AndroidManifest.xml:33:17-49
133        </provider>
134    </application>
135
136</manifest>